<?xml version="1.0" encoding="UTF-8"?>
<testng-results skipped="0" failed="1" total="6" passed="5">
  <reporter-output>
  </reporter-output>
  <suite name="Default suite" duration-ms="14591" started-at="2017-09-19T16:10:30Z" finished-at="2017-09-19T16:10:44Z">
    <groups>
    </groups>
    <test name="Default test" duration-ms="14591" started-at="2017-09-19T16:10:30Z" finished-at="2017-09-19T16:10:44Z">
      <class name="com.ds.NewUserTests">
        <test-method status="PASS" signature="testSetUp()[pri:0, instance:com.ds.NewUserTests@be92ad]" name="testSetUp" is-config="true" duration-ms="8967" started-at="2017-09-19T21:40:21Z" finished-at="2017-09-19T21:40:30Z">
          <reporter-output>
          </reporter-output>
        </test-method> <!-- testSetUp -->
        <test-method status="FAIL" signature="createUser()[pri:0, instance:com.ds.NewUserTests@be92ad]" name="createUser" duration-ms="5172" started-at="2017-09-19T21:40:30Z" finished-at="2017-09-19T21:40:35Z">
          <exception class="java.lang.AssertionError">
            <message>
              <![CDATA[expected [All User] but found []]]>
            </message>
            <full-stacktrace>
              <![CDATA[java.lang.AssertionError: expected [All User] but found []
	at org.testng.Assert.fail(Assert.java:94)
	at org.testng.Assert.failNotEquals(Assert.java:513)
	at org.testng.Assert.assertEqualsImpl(Assert.java:135)
	at org.testng.Assert.assertEquals(Assert.java:116)
	at org.testng.Assert.assertEquals(Assert.java:190)
	at org.testng.Assert.assertEquals(Assert.java:200)
	at com.ds.NewUserTests.createUser(NewUserTests.java:56)
	at sun.reflect.NativeMethodAccessorImpl.invoke0(Native Method)
	at sun.reflect.NativeMethodAccessorImpl.invoke(NativeMethodAccessorImpl.java:62)
	at sun.reflect.DelegatingMethodAccessorImpl.invoke(DelegatingMethodAccessorImpl.java:43)
	at java.lang.reflect.Method.invoke(Method.java:498)
	at org.testng.internal.MethodInvocationHelper.invokeMethod(MethodInvocationHelper.java:86)
	at org.testng.internal.Invoker.invokeMethod(Invoker.java:643)
	at org.testng.internal.Invoker.invokeTestMethod(Invoker.java:820)
	at org.testng.internal.Invoker.invokeTestMethods(Invoker.java:1128)
	at org.testng.internal.TestMethodWorker.invokeTestMethods(TestMethodWorker.java:129)
	at org.testng.internal.TestMethodWorker.run(TestMethodWorker.java:112)
	at org.testng.TestRunner.privateRun(TestRunner.java:782)
	at org.testng.TestRunner.run(TestRunner.java:632)
	at org.testng.SuiteRunner.runTest(SuiteRunner.java:366)
	at org.testng.SuiteRunner.runSequentially(SuiteRunner.java:361)
	at org.testng.SuiteRunner.privateRun(SuiteRunner.java:319)
	at org.testng.SuiteRunner.run(SuiteRunner.java:268)
	at org.testng.SuiteRunnerWorker.runSuite(SuiteRunnerWorker.java:52)
	at org.testng.SuiteRunnerWorker.run(SuiteRunnerWorker.java:86)
	at org.testng.TestNG.runSuitesSequentially(TestNG.java:1244)
	at org.testng.TestNG.runSuitesLocally(TestNG.java:1169)
	at org.testng.TestNG.run(TestNG.java:1064)
	at org.testng.remote.AbstractRemoteTestNG.run(AbstractRemoteTestNG.java:114)
	at org.testng.remote.RemoteTestNG.initAndRun(RemoteTestNG.java:251)
	at org.testng.remote.RemoteTestNG.main(RemoteTestNG.java:77)
]]>
            </full-stacktrace>
          </exception> <!-- java.lang.AssertionError -->
          <reporter-output>
          </reporter-output>
        </test-method> <!-- createUser -->
        <test-method status="PASS" signature="emptyEmailIDTextBoxValidation()[pri:0, instance:com.ds.NewUserTests@be92ad]" name="emptyEmailIDTextBoxValidation" duration-ms="2447" started-at="2017-09-19T21:40:35Z" finished-at="2017-09-19T21:40:37Z">
          <reporter-output>
          </reporter-output>
        </test-method> <!-- emptyEmailIDTextBoxValidation -->
        <test-method status="PASS" signature="emptyPasswordTextBoxValidation()[pri:0, instance:com.ds.NewUserTests@be92ad]" name="emptyPasswordTextBoxValidation" duration-ms="2052" started-at="2017-09-19T21:40:37Z" finished-at="2017-09-19T21:40:40Z">
          <reporter-output>
          </reporter-output>
        </test-method> <!-- emptyPasswordTextBoxValidation -->
        <test-method status="PASS" signature="emptyUserNameTextBoxValidation()[pri:0, instance:com.ds.NewUserTests@be92ad]" name="emptyUserNameTextBoxValidation" duration-ms="2235" started-at="2017-09-19T21:40:40Z" finished-at="2017-09-19T21:40:42Z">
          <reporter-output>
          </reporter-output>
        </test-method> <!-- emptyUserNameTextBoxValidation -->
        <test-method status="PASS" signature="verifyNewUserPageTitle()[pri:0, instance:com.ds.NewUserTests@be92ad]" name="verifyNewUserPageTitle" duration-ms="777" started-at="2017-09-19T21:40:42Z" finished-at="2017-09-19T21:40:43Z">
          <reporter-output>
          </reporter-output>
        </test-method> <!-- verifyNewUserPageTitle -->
        <test-method status="PASS" signature="verifyPassword()[pri:0, instance:com.ds.NewUserTests@be92ad]" name="verifyPassword" duration-ms="1830" started-at="2017-09-19T21:40:43Z" finished-at="2017-09-19T21:40:44Z">
          <reporter-output>
          </reporter-output>
        </test-method> <!-- verifyPassword -->
        <test-method status="PASS" signature="tearDown()[pri:0, instance:com.ds.NewUserTests@be92ad]" name="tearDown" is-config="true" duration-ms="1484" started-at="2017-09-19T21:40:44Z" finished-at="2017-09-19T21:40:46Z">
          <reporter-output>
          </reporter-output>
        </test-method> <!-- tearDown -->
      </class> <!-- com.ds.NewUserTests -->
    </test> <!-- Default test -->
  </suite> <!-- Default suite -->
</testng-results>
